

Microchip MPLAB XC8 Assembler V2.40 build 20220703182018 
                                                                                               Mon Dec 19 22:41:27 2022

Microchip MPLAB XC8 C Compiler v2.40 (Free license) build 20220703182018 Og1 
     1                           	processor	18F4520
     2                           	fnconf	rparam,??,?,0
     3                           	pagewidth 120
     4                           	opt	flic
     5                           	psect	cinit,global,reloc=2,class=CODE,delta=1
     6                           	psect	cstackCOMRAM,global,class=COMRAM,space=1,delta=1,lowdata,noexec
     7                           	psect	text0,global,reloc=2,class=CODE,delta=1
     8                           	psect	intcode,global,reloc=2,class=CODE,delta=1
     9                           	psect	intcode_body,global,reloc=2,class=CODE,delta=1
    10                           	psect	intsave_regs,global,class=BIGRAM,space=1,delta=1,noexec
    11                           	psect	rparam,global,class=COMRAM,space=1,delta=1,noexec
    12                           	psect	temp,global,ovrld,common,class=COMRAM,space=1,delta=1
    13                           	psect	idloc,global,abs,ovrld,class=IDLOC,space=5,delta=1,noexec
    14                           	psect	config,global,abs,ovrld,class=CONFIG,space=4,delta=1,noexec
    15   000000                     
    16                           ; Version 2.20
    17                           ; Generated 12/02/2020 GMT
    18                           ; 
    19                           ; Copyright © 2020, Microchip Technology Inc. and its subsidiaries ("Microchip")
    20                           ; All rights reserved.
    21                           ; 
    22                           ; This software is developed by Microchip Technology Inc. and its subsidiaries ("Microch
      +                          ip").
    23                           ; 
    24                           ; Redistribution and use in source and binary forms, with or without modification, are
    25                           ; permitted provided that the following conditions are met:
    26                           ; 
    27                           ;     1. Redistributions of source code must retain the above copyright notice, this lis
      +                          t of
    28                           ;        conditions and the following disclaimer.
    29                           ; 
    30                           ;     2. Redistributions in binary form must reproduce the above copyright notice, this 
      +                          list
    31                           ;        of conditions and the following disclaimer in the documentation and/or other
    32                           ;        materials provided with the distribution.
    33                           ; 
    34                           ;     3. Microchip's name may not be used to endorse or promote products derived from th
      +                          is
    35                           ;        software without specific prior written permission.
    36                           ; 
    37                           ; THIS SOFTWARE IS PROVIDED BY MICROCHIP "AS IS" AND ANY EXPRESS OR IMPLIED WARRANTIES,
    38                           ; INCLUDING, BUT NOT LIMITED TO, THE IMPLIED WARRANTIES OF MERCHANTABILITY AND FITNESS F
      +                          OR
    39                           ; PURPOSE ARE DISCLAIMED.  IN NO EVENT SHALL MICROCHIP BE LIABLE FOR ANY DIRECT, INDIREC
      +                          T,
    40                           ; INCIDENTAL, SPECIAL, EXEMPLARY, OR CONSEQUENTIAL DAMAGES (INCLUDING BUT NOT LIMITED TO
    41                           ; PROCUREMENT OF SUBSTITUTE GOODS OR SERVICES; LOSS OF USE, DATA OR PROFITS; OR BUSINESS
    42                           ; INTERRUPTION) HOWSOEVER CAUSED AND ON ANY THEORY OF LIABILITY, WHETHER IN CONTRACT, ST
      +                          RICT
    43                           ; LIABILITY, OR TORT (INCLUDING NEGLIGENCE OR OTHERWISE) ARISING IN ANY WAY OUT OF THE U
      +                          SE OF
    44                           ; THIS SOFTWARE, EVEN IF ADVISED OF THE POSSIBILITY OF SUCH DAMAGE.
    45                           ; 
    46                           ; 
    47                           ; Code-generator required, PIC18F4520 Definitions
    48                           ; 
    49                           ; SFR Addresses
    50   000000                     _LATDbits	set	3980
    51   000000                     _PORTB	set	3969
    52   000000                     _TRISB	set	3987
    53   000000                     _TRISD	set	3989
    54   000000                     _ADCON1	set	4033
    55   000000                     _PORTD	set	3971
    56   000000                     _LATB	set	3978
    57   000000                     _LATD	set	3980
    58   000000                     _T0CON	set	4053
    59   000000                     _INTCON2bits	set	4081
    60   000000                     _TMR0	set	4054
    61                           
    62                           ; #config settings
    63                           
    64                           	psect	cinit
    65   00007C                     __pcinit:
    66                           	callstack 0
    67   00007C                     start_initialization:
    68                           	callstack 0
    69   00007C                     __initialization:
    70                           	callstack 0
    71   00007C                     end_of_initialization:
    72                           	callstack 0
    73   00007C                     __end_of__initialization:
    74                           	callstack 0
    75   00007C  9002               	bcf	int$flags,0,c	;clear compiler interrupt flag (level 1)
    76   00007E  9202               	bcf	int$flags,1,c	;clear compiler interrupt flag (level 2)
    77   000080  0100               	movlb	0
    78   000082  EF09  F000         	goto	_main	;jump to C main() function
    79                           
    80                           	psect	cstackCOMRAM
    81   000001                     __pcstackCOMRAM:
    82                           	callstack 0
    83   000001                     ??_main:
    84   000001                     
    85                           ; 1 bytes @ 0x0
    86   000001                     	ds	1
    87                           
    88 ;;
    89 ;;Main: autosize = 0, tempsize = 1, incstack = 0, save=0
    90 ;;
    91 ;; *************** function _main *****************
    92 ;; Defined at:
    93 ;;		line 13 in file "mainTmr0Ext.c"
    94 ;; Parameters:    Size  Location     Type
    95 ;;		None
    96 ;; Auto vars:     Size  Location     Type
    97 ;;		None
    98 ;; Return value:  Size  Location     Type
    99 ;;                  1    wreg      void 
   100 ;; Registers used:
   101 ;;		wreg, status,2, status,0
   102 ;; Tracked objects:
   103 ;;		On entry : 0/0
   104 ;;		On exit  : 0/0
   105 ;;		Unchanged: 0/0
   106 ;; Data sizes:     COMRAM   BANK0   BANK1   BANK2   BANK3   BANK4   BANK5
   107 ;;      Params:         0       0       0       0       0       0       0
   108 ;;      Locals:         0       0       0       0       0       0       0
   109 ;;      Temps:          1       0       0       0       0       0       0
   110 ;;      Totals:         1       0       0       0       0       0       0
   111 ;;Total ram usage:        1 bytes
   112 ;; Hardware stack levels required when called: 1
   113 ;; This function calls:
   114 ;;		Nothing
   115 ;; This function is called by:
   116 ;;		Startup code after reset
   117 ;; This function uses a non-reentrant model
   118 ;;
   119                           
   120                           	psect	text0
   121   000012                     __ptext0:
   122                           	callstack 0
   123   000012                     _main:
   124                           	callstack 30
   125   000012                     
   126                           ;mainTmr0Ext.c: 18: TRISB = 0b00000001;
   127   000012  0E01               	movlw	1
   128   000014  6E93               	movwf	147,c	;volatile
   129                           
   130                           ;mainTmr0Ext.c: 19: TRISD = 0b00000000;
   131   000016  0E00               	movlw	0
   132   000018  6E95               	movwf	149,c	;volatile
   133                           
   134                           ;mainTmr0Ext.c: 20: PORTB = 0;
   135   00001A  0E00               	movlw	0
   136   00001C  6E81               	movwf	129,c	;volatile
   137                           
   138                           ;mainTmr0Ext.c: 21: LATB = 0;
   139   00001E  0E00               	movlw	0
   140   000020  6E8A               	movwf	138,c	;volatile
   141                           
   142                           ;mainTmr0Ext.c: 22: PORTD = 0;
   143   000022  0E00               	movlw	0
   144   000024  6E83               	movwf	131,c	;volatile
   145                           
   146                           ;mainTmr0Ext.c: 23: LATD = 0;
   147   000026  0E00               	movlw	0
   148   000028  6E8C               	movwf	140,c	;volatile
   149                           
   150                           ;mainTmr0Ext.c: 25: ADCON1 = 0b00001111;
   151   00002A  0E0F               	movlw	15
   152   00002C  6EC1               	movwf	193,c	;volatile
   153   00002E                     
   154                           ;mainTmr0Ext.c: 27: INTCON2bits.RBPU = 0;
   155   00002E  9EF1               	bcf	241,7,c	;volatile
   156                           
   157                           ;mainTmr0Ext.c: 32: T0CON = 0b10011111;
   158   000030  0E9F               	movlw	159
   159   000032  6ED5               	movwf	213,c	;volatile
   160                           
   161                           ;mainTmr0Ext.c: 33: TMR0 = 0;
   162   000034  0E00               	movlw	0
   163   000036  6ED7               	movwf	215,c	;volatile
   164   000038  0E00               	movlw	0
   165   00003A  6ED6               	movwf	214,c	;volatile
   166   00003C                     l27:
   167   00003C  0004               	clrwdt		;# 
   168   00003E                     
   169                           ;mainTmr0Ext.c: 37: if (TMR0 > 10)
   170   00003E  50D7               	movf	215,w,c	;volatile
   171   000040  E109               	bnz	u10
   172   000042  0E0B               	movlw	11
   173   000044  5CD6               	subwf	214,w,c	;volatile
   174   000046  A0D8               	btfss	status,0,c
   175   000048  EF28  F000         	goto	u11
   176   00004C  EF2A  F000         	goto	u10
   177   000050                     u11:
   178   000050  EF1E  F000         	goto	l27
   179   000054                     u10:
   180   000054                     
   181                           ;mainTmr0Ext.c: 38: {;mainTmr0Ext.c: 39: LATDbits.LATD0 = ~LATDbits.LATD0;
   182   000054  B08C               	btfsc	140,0,c	;volatile
   183   000056  EF2F  F000         	goto	u21
   184   00005A  EF32  F000         	goto	u20
   185   00005E                     u21:
   186   00005E  0E01               	movlw	1
   187   000060  EF33  F000         	goto	u26
   188   000064                     u20:
   189   000064  0E00               	movlw	0
   190   000066                     u26:
   191   000066  0AFF               	xorlw	255
   192   000068  6E01               	movwf	??_main^0,c
   193   00006A  508C               	movf	140,w,c	;volatile
   194   00006C  1801               	xorwf	??_main^0,w,c
   195   00006E  0BFE               	andlw	-2
   196   000070  1801               	xorwf	??_main^0,w,c
   197   000072  6E8C               	movwf	140,c	;volatile
   198   000074  EF1E  F000         	goto	l27
   199   000078  EF07  F000         	goto	start
   200   00007C                     __end_of_main:
   201                           	callstack 0
   202                           
   203 ;; *************** function _isr *****************
   204 ;; Defined at:
   205 ;;		line 52 in file "mainTmr0Ext.c"
   206 ;; Parameters:    Size  Location     Type
   207 ;;		None
   208 ;; Auto vars:     Size  Location     Type
   209 ;;		None
   210 ;; Return value:  Size  Location     Type
   211 ;;                  1    wreg      void 
   212 ;; Registers used:
   213 ;;		None
   214 ;; Tracked objects:
   215 ;;		On entry : 0/0
   216 ;;		On exit  : 0/0
   217 ;;		Unchanged: 0/0
   218 ;; Data sizes:     COMRAM   BANK0   BANK1   BANK2   BANK3   BANK4   BANK5
   219 ;;      Params:         0       0       0       0       0       0       0
   220 ;;      Locals:         0       0       0       0       0       0       0
   221 ;;      Temps:          0       0       0       0       0       0       0
   222 ;;      Totals:         0       0       0       0       0       0       0
   223 ;;Total ram usage:        0 bytes
   224 ;; Hardware stack levels used: 1
   225 ;; This function calls:
   226 ;;		Nothing
   227 ;; This function is called by:
   228 ;;		Interrupt level 2
   229 ;; This function uses a non-reentrant model
   230 ;;
   231                           
   232                           	psect	intcode
   233   000008                     __pintcode:
   234                           	callstack 0
   235   000008                     _isr:
   236                           	callstack 30
   237                           
   238                           ;incstack = 0
   239   000008  8202               	bsf	int$flags,1,c	;set compiler interrupt flag (level 2)
   240   00000A  ED43  F000         	call	int_func,f	;refresh shadow registers
   241                           
   242                           	psect	intcode_body
   243   000086                     __pintcode_body:
   244                           	callstack 30
   245   000086                     int_func:
   246                           	callstack 30
   247   000086  0006               	pop		; remove dummy address from shadow register refresh
   248   000088  9202               	bcf	int$flags,1,c	;clear compiler interrupt flag (level 2)
   249   00008A  0011               	retfie		f
   250   00008C                     __end_of_isr:
   251                           	callstack 0
   252   000000                     
   253                           	psect	rparam
   254   000000                     
   255                           	psect	temp
   256   000002                     btemp:
   257                           	callstack 0
   258   000002                     	ds	1
   259   000000                     int$flags	set	btemp
   260   000000                     wtemp8	set	btemp+1
   261   000000                     ttemp5	set	btemp+1
   262   000000                     ttemp6	set	btemp+4
   263   000000                     ttemp7	set	btemp+8
   264                           
   265                           	psect	idloc
   266                           
   267                           ;Config register IDLOC0 @ 0x200000
   268                           ;	unspecified, using default values
   269   200000                     	org	2097152
   270   200000  FF                 	db	255
   271                           
   272                           ;Config register IDLOC1 @ 0x200001
   273                           ;	unspecified, using default values
   274   200001                     	org	2097153
   275   200001  FF                 	db	255
   276                           
   277                           ;Config register IDLOC2 @ 0x200002
   278                           ;	unspecified, using default values
   279   200002                     	org	2097154
   280   200002  FF                 	db	255
   281                           
   282                           ;Config register IDLOC3 @ 0x200003
   283                           ;	unspecified, using default values
   284   200003                     	org	2097155
   285   200003  FF                 	db	255
   286                           
   287                           ;Config register IDLOC4 @ 0x200004
   288                           ;	unspecified, using default values
   289   200004                     	org	2097156
   290   200004  FF                 	db	255
   291                           
   292                           ;Config register IDLOC5 @ 0x200005
   293                           ;	unspecified, using default values
   294   200005                     	org	2097157
   295   200005  FF                 	db	255
   296                           
   297                           ;Config register IDLOC6 @ 0x200006
   298                           ;	unspecified, using default values
   299   200006                     	org	2097158
   300   200006  FF                 	db	255
   301                           
   302                           ;Config register IDLOC7 @ 0x200007
   303                           ;	unspecified, using default values
   304   200007                     	org	2097159
   305   200007  FF                 	db	255
   306                           
   307                           	psect	config
   308                           
   309                           ; Padding undefined space
   310   300000                     	org	3145728
   311   300000  FF                 	db	255
   312                           
   313                           ;Config register CONFIG1H @ 0x300001
   314                           ;	Oscillator Selection bits
   315                           ;	OSC = HS, HS oscillator
   316                           ;	Fail-Safe Clock Monitor Enable bit
   317                           ;	FCMEN = OFF, Fail-Safe Clock Monitor disabled
   318                           ;	Internal/External Oscillator Switchover bit
   319                           ;	IESO = OFF, Oscillator Switchover mode disabled
   320   300001                     	org	3145729
   321   300001  02                 	db	2
   322                           
   323                           ;Config register CONFIG2L @ 0x300002
   324                           ;	Power-up Timer Enable bit
   325                           ;	PWRT = OFF, PWRT disabled
   326                           ;	Brown-out Reset Enable bits
   327                           ;	BOREN = SBORDIS, Brown-out Reset enabled in hardware only (SBOREN is disabled)
   328                           ;	Brown Out Reset Voltage bits
   329                           ;	BORV = 3, Minimum setting
   330   300002                     	org	3145730
   331   300002  1F                 	db	31
   332                           
   333                           ;Config register CONFIG2H @ 0x300003
   334                           ;	Watchdog Timer Enable bit
   335                           ;	WDT = ON, WDT enabled
   336                           ;	Watchdog Timer Postscale Select bits
   337                           ;	WDTPS = 32768, 1:32768
   338   300003                     	org	3145731
   339   300003  1F                 	db	31
   340                           
   341                           ; Padding undefined space
   342   300004                     	org	3145732
   343   300004  FF                 	db	255
   344                           
   345                           ;Config register CONFIG3H @ 0x300005
   346                           ;	CCP2 MUX bit
   347                           ;	CCP2MX = PORTC, CCP2 input/output is multiplexed with RC1
   348                           ;	PORTB A/D Enable bit
   349                           ;	PBADEN = OFF, PORTB<4:0> pins are configured as digital I/O on Reset
   350                           ;	Low-Power Timer1 Oscillator Enable bit
   351                           ;	LPT1OSC = OFF, Timer1 configured for higher power operation
   352                           ;	MCLR Pin Enable bit
   353                           ;	MCLRE = OFF, RE3 input pin enabled; MCLR disabled
   354   300005                     	org	3145733
   355   300005  01                 	db	1
   356                           
   357                           ;Config register CONFIG4L @ 0x300006
   358                           ;	Stack Full/Underflow Reset Enable bit
   359                           ;	STVREN = ON, Stack full/underflow will cause Reset
   360                           ;	Single-Supply ICSP Enable bit
   361                           ;	LVP = ON, Single-Supply ICSP enabled
   362                           ;	Extended Instruction Set Enable bit
   363                           ;	XINST = OFF, Instruction set extension and Indexed Addressing mode disabled (Legacy mo
      +                          de)
   364                           ;	Background Debugger Enable bit
   365                           ;	DEBUG = 0x1, unprogrammed default
   366   300006                     	org	3145734
   367   300006  85                 	db	133
   368                           
   369                           ; Padding undefined space
   370   300007                     	org	3145735
   371   300007  FF                 	db	255
   372                           
   373                           ;Config register CONFIG5L @ 0x300008
   374                           ;	Code Protection bit
   375                           ;	CP0 = OFF, Block 0 (000800-001FFFh) not code-protected
   376                           ;	Code Protection bit
   377                           ;	CP1 = OFF, Block 1 (002000-003FFFh) not code-protected
   378                           ;	Code Protection bit
   379                           ;	CP2 = OFF, Block 2 (004000-005FFFh) not code-protected
   380                           ;	Code Protection bit
   381                           ;	CP3 = OFF, Block 3 (006000-007FFFh) not code-protected
   382   300008                     	org	3145736
   383   300008  0F                 	db	15
   384                           
   385                           ;Config register CONFIG5H @ 0x300009
   386                           ;	Boot Block Code Protection bit
   387                           ;	CPB = OFF, Boot block (000000-0007FFh) not code-protected
   388                           ;	Data EEPROM Code Protection bit
   389                           ;	CPD = OFF, Data EEPROM not code-protected
   390   300009                     	org	3145737
   391   300009  C0                 	db	192
   392                           
   393                           ;Config register CONFIG6L @ 0x30000A
   394                           ;	Write Protection bit
   395                           ;	WRT0 = OFF, Block 0 (000800-001FFFh) not write-protected
   396                           ;	Write Protection bit
   397                           ;	WRT1 = OFF, Block 1 (002000-003FFFh) not write-protected
   398                           ;	Write Protection bit
   399                           ;	WRT2 = OFF, Block 2 (004000-005FFFh) not write-protected
   400                           ;	Write Protection bit
   401                           ;	WRT3 = OFF, Block 3 (006000-007FFFh) not write-protected
   402   30000A                     	org	3145738
   403   30000A  0F                 	db	15
   404                           
   405                           ;Config register CONFIG6H @ 0x30000B
   406                           ;	Configuration Register Write Protection bit
   407                           ;	WRTC = OFF, Configuration registers (300000-3000FFh) not write-protected
   408                           ;	Boot Block Write Protection bit
   409                           ;	WRTB = OFF, Boot block (000000-0007FFh) not write-protected
   410                           ;	Data EEPROM Write Protection bit
   411                           ;	WRTD = OFF, Data EEPROM not write-protected
   412   30000B                     	org	3145739
   413   30000B  E0                 	db	224
   414                           
   415                           ;Config register CONFIG7L @ 0x30000C
   416                           ;	Table Read Protection bit
   417                           ;	EBTR0 = OFF, Block 0 (000800-001FFFh) not protected from table reads executed in other
      +                           blocks
   418                           ;	Table Read Protection bit
   419                           ;	EBTR1 = OFF, Block 1 (002000-003FFFh) not protected from table reads executed in other
      +                           blocks
   420                           ;	Table Read Protection bit
   421                           ;	EBTR2 = OFF, Block 2 (004000-005FFFh) not protected from table reads executed in other
      +                           blocks
   422                           ;	Table Read Protection bit
   423                           ;	EBTR3 = OFF, Block 3 (006000-007FFFh) not protected from table reads executed in other
      +                           blocks
   424   30000C                     	org	3145740
   425   30000C  0F                 	db	15
   426                           
   427                           ;Config register CONFIG7H @ 0x30000D
   428                           ;	Boot Block Table Read Protection bit
   429                           ;	EBTRB = OFF, Boot block (000000-0007FFh) not protected from table reads executed in ot
      +                          her blocks
   430   30000D                     	org	3145741
   431   30000D  40                 	db	64
   432                           tosu	equ	0xFFF
   433                           tosh	equ	0xFFE
   434                           tosl	equ	0xFFD
   435                           stkptr	equ	0xFFC
   436                           pclatu	equ	0xFFB
   437                           pclath	equ	0xFFA
   438                           pcl	equ	0xFF9
   439                           tblptru	equ	0xFF8
   440                           tblptrh	equ	0xFF7
   441                           tblptrl	equ	0xFF6
   442                           tablat	equ	0xFF5
   443                           prodh	equ	0xFF4
   444                           prodl	equ	0xFF3
   445                           indf0	equ	0xFEF
   446                           postinc0	equ	0xFEE
   447                           postdec0	equ	0xFED
   448                           preinc0	equ	0xFEC
   449                           plusw0	equ	0xFEB
   450                           fsr0h	equ	0xFEA
   451                           fsr0l	equ	0xFE9
   452                           wreg	equ	0xFE8
   453                           indf1	equ	0xFE7
   454                           postinc1	equ	0xFE6
   455                           postdec1	equ	0xFE5
   456                           preinc1	equ	0xFE4
   457                           plusw1	equ	0xFE3
   458                           fsr1h	equ	0xFE2
   459                           fsr1l	equ	0xFE1
   460                           bsr	equ	0xFE0
   461                           indf2	equ	0xFDF
   462                           postinc2	equ	0xFDE
   463                           postdec2	equ	0xFDD
   464                           preinc2	equ	0xFDC
   465                           plusw2	equ	0xFDB
   466                           fsr2h	equ	0xFDA
   467                           fsr2l	equ	0xFD9
   468                           status	equ	0xFD8

Data Sizes:
    Strings     0
    Constant    0
    Data        0
    BSS         0
    Persistent  0
    Stack       0

Auto Spaces:
    Space          Size  Autos    Used
    COMRAM          126      1       1
    BANK0           128      0       0
    BANK1           256      0       0
    BANK2           256      0       0
    BANK3           256      0       0
    BANK4           256      0       0
    BANK5           256      0       0

Pointer List with Targets:

    None.

Critical Paths under _main in COMRAM

    None.

Critical Paths under _isr in COMRAM

    None.

Critical Paths under _main in BANK0

    None.

Critical Paths under _isr in BANK0

    None.

Critical Paths under _main in BANK1

    None.

Critical Paths under _isr in BANK1

    None.

Critical Paths under _main in BANK2

    None.

Critical Paths under _isr in BANK2

    None.

Critical Paths under _main in BANK3

    None.

Critical Paths under _isr in BANK3

    None.

Critical Paths under _main in BANK4

    None.

Critical Paths under _isr in BANK4

    None.

Critical Paths under _main in BANK5

    None.

Critical Paths under _isr in BANK5

    None.

Call Graph Tables:

 ---------------------------------------------------------------------------------
 (Depth) Function   	        Calls       Base Space   Used Autos Params    Refs
 ---------------------------------------------------------------------------------
 (0) _main                                                 1     1      0       0
                                              0 COMRAM     1     1      0
 ---------------------------------------------------------------------------------
 Estimated maximum stack depth 0
 ---------------------------------------------------------------------------------
 (Depth) Function   	        Calls       Base Space   Used Autos Params    Refs
 ---------------------------------------------------------------------------------
 (1) _isr                                                  0     0      0       0
 ---------------------------------------------------------------------------------
 Estimated maximum stack depth 1
 ---------------------------------------------------------------------------------

 Call Graph Graphs:

 _main (ROOT)

 _isr (ROOT)

 Address spaces:
Name               Size   Autos  Total    Cost      Usage
BITCOMRAM           7E      0       0       0        0.0%
EEDATA             100      0       0       0        0.0%
NULL                 0      0       0       0        0.0%
CODE                 0      0       0       0        0.0%
COMRAM              7E      1       1       1        0.8%
STACK                0      0       0       2        0.0%
DATA                 0      0       0       3        0.0%
BITBANK0            80      0       0       4        0.0%
BANK0               80      0       0       5        0.0%
BITBANK1           100      0       0       6        0.0%
BANK1              100      0       0       7        0.0%
BITBANK2           100      0       0       8        0.0%
BANK2              100      0       0       9        0.0%
BITBANK3           100      0       0      10        0.0%
BANK3              100      0       0      11        0.0%
BITBANK4           100      0       0      12        0.0%
BANK4              100      0       0      13        0.0%
BITBANK5           100      0       0      14        0.0%
BANK5              100      0       0      15        0.0%
BITBIGSFRhhhh        E      0       0      16        0.0%
BITBIGSFRhhhlh      19      0       0      17        0.0%
BITBIGSFRhhhll      13      0       0      18        0.0%
BITBIGSFRhhl        2B      0       0      19        0.0%
BITBIGSFRhl          1      0       0      20        0.0%
BITBIGSFRlhhh        6      0       0      21        0.0%
BITBIGSFRlhhl        1      0       0      22        0.0%
BITBIGSFRlhlh        6      0       0      23        0.0%
BITBIGSFRlhll        1      0       0      24        0.0%
BITBIGSFRll          1      0       0      25        0.0%
ABS                  0      0       0      26        0.0%
BIGRAM             5FF      0       0      27        0.0%
BIGSFR               0      0       0     200        0.0%
BITSFR               0      0       0     200        0.0%
SFR                  0      0       0     200        0.0%


Microchip Technology PIC18 Macro Assembler V2.40 build 20220703182018 
Symbol Table                                                                                   Mon Dec 19 22:41:27 2022

                     l27 003C                       u10 0054                       u11 0050  
                     u20 0064                       u21 005E                       u26 0066  
                    l790 0054                      l784 0012                      l786 002E  
                    l788 003E                      _isr 0008                     ?_isr 0001  
                   _LATB 000F8A                     _LATD 000F8C                     i2l36 0088  
                   _TMR0 000FD6                     _main 0012                     btemp 0002  
                   start 000E             ___param_bank 000000                    ??_isr 0001  
                  ?_main 0001                    _T0CON 000FD5                    _PORTB 000F81  
                  _PORTD 000F83                    _TRISB 000F93                    _TRISD 000F95  
                  ttemp5 0003                    ttemp6 0006                    ttemp7 000A  
                  status 000FD8                    wtemp8 0003          __initialization 007C  
           __end_of_main 007C                   ??_main 0001            __activetblptr 000000  
                 _ADCON1 000FC1                   isa$std 000001               __accesstop 0080  
__end_of__initialization 007C            ___rparam_used 000001           __pcstackCOMRAM 0001  
                __Hparam 0000                  __Lparam 0000                  __pcinit 007C  
                __ramtop 0600                  __ptext0 0012           __pintcode_body 0086  
   end_of_initialization 007C                  int_func 0086      start_initialization 007C  
            __end_of_isr 008C                __pintcode 0008                 _LATDbits 000F8C  
            _INTCON2bits 000FF1                 __Hrparam 0000                 __Lrparam 0000  
               isa$xinst 000000                 int$flags 0002                 intlevel2 0000  
